<?xml version="1.0" encoding="UTF-8"?>
<!-- Generated by org.testng.reporters.JUnitReportReporter -->
<testsuite hostname="DESKTOP-V4QCGB2" failures="0" tests="1" name="scripts.AddToCart" time="18.475" errors="0" timestamp="2021-11-19T01:49:17 IST" skipped="0">
  <testcase classname="scripts.AddToCart" name="tc1" time="18.475"/>
  <system-out/>
</testsuite> <!-- scripts.AddToCart -->
