<?xml version="1.0" encoding="UTF-8"?>
<!-- Generated by org.testng.reporters.JUnitReportReporter -->
<testsuite hostname="DESKTOP-V4QCGB2" failures="0" tests="1" name="scripts.Facebook" time="18.852" errors="0" timestamp="2021-10-19T00:39:32 IST" skipped="0">
  <testcase classname="scripts.Facebook" name="tc2" time="18.852"/>
  <system-out/>
</testsuite> <!-- scripts.Facebook -->
